Arguments: 
  /usr/local/bin/node /usr/local/Cellar/yarn/1.22.4/libexec/bin/yarn.js add bcryptis cors cross-end dotend dotenv-extended express express-session helmet knex knex-cleaner pg sinon sqlite3

PATH: 
  /usr/local/bin:/usr/bin:/bin:/usr/sbin:/sbin:/Applications/Postgres.app/Contents/Versions/12/bin:/Applications/Postgres.app/Contents/Versions/12/bin

Yarn version: 
  1.22.4

Node version: 
  14.2.0

Platform: 
  darwin x64

Trace: 
  Error: https://registry.yarnpkg.com/bcryptis: Not found
      at Request.params.callback [as _callback] (/usr/local/Cellar/yarn/1.22.4/libexec/lib/cli.js:66987:18)
      at Request.self.callback (/usr/local/Cellar/yarn/1.22.4/libexec/lib/cli.js:140748:22)
      at Request.emit (events.js:315:20)
      at Request.<anonymous> (/usr/local/Cellar/yarn/1.22.4/libexec/lib/cli.js:141720:10)
      at Request.emit (events.js:315:20)
      at IncomingMessage.<anonymous> (/usr/local/Cellar/yarn/1.22.4/libexec/lib/cli.js:141642:12)
      at Object.onceWrapper (events.js:421:28)
      at IncomingMessage.emit (events.js:327:22)
      at endReadableNT (_stream_readable.js:1225:12)
      at processTicksAndRejections (internal/process/task_queues.js:84:21)

npm manifest: 
  {
      "name": "friendzone-backend",
      "version": "1.0.0",
      "main": "index.js",
      "repository": "https://github.com/kyle-richardson/friendzone-backend.git",
      "author": "Kyle Richardson <kyle.richardson1@gmail.com>",
      "license": "MIT",
      "scripts": {
        "start": "node index.js",
        "server": "nodemon index.js",
        "test": "cross-env NODE_ENV=testing jest --watch --forceExit --detectOpenHandles --verbose"
      },
      "engines": {
        "node": "^14.2.0",
        "yarn": "^1.19.2"
      },
      "dependencies": {
      },
      "devDependencies": {
  
      }
    }

yarn manifest: 
  No manifest

Lockfile: 
  # THIS IS AN AUTOGENERATED FILE. DO NOT EDIT THIS FILE DIRECTLY.
  # yarn lockfile v1
